2017-07-11 01:29:06,202 [ModalContext] INFO  o.e.m.c.i.e.AbstractTransferListenerAdapter - Downloading https://repo.maven.apache.org/maven2/org/apache/maven/archetypes/maven-archetype-quickstart/1.1/maven-archetype-quickstart-1.1.jar
2017-07-11 01:29:06,244 [ModalContext] INFO  o.e.m.c.i.e.AbstractTransferListenerAdapter - Downloaded https://repo.maven.apache.org/maven2/org/apache/maven/archetypes/maven-archetype-quickstart/1.1/maven-archetype-quickstart-1.1.jar
2017-07-11 01:29:06,266 [ModalContext] INFO  o.e.m.c.i.e.AbstractTransferListenerAdapter - Downloading https://repo.maven.apache.org/maven2/org/apache/maven/archetypes/maven-archetype-quickstart/1.1/maven-archetype-quickstart-1.1.pom
2017-07-11 01:29:06,284 [ModalContext] INFO  o.e.m.c.i.e.AbstractTransferListenerAdapter - Downloaded https://repo.maven.apache.org/maven2/org/apache/maven/archetypes/maven-archetype-quickstart/1.1/maven-archetype-quickstart-1.1.pom
2017-07-11 01:29:43,528 [Worker-41] INFO  o.e.m.c.i.p.ProjectConfigurationManager - Collecting project info '/pom.xml' /Users/sangeetha/Documents/Projects/TestMaven/pom.xml
2017-07-11 01:29:44,308 [Worker-41] INFO  o.e.m.c.i.l.LifecycleMappingFactory - Using org.eclipse.m2e.jdt.JarLifecycleMapping lifecycle mapping for MavenProject: com.school:TestMaven:0.0.1-SNAPSHOT @ /Users/sangeetha/Documents/Projects/TestMaven/pom.xml.
2017-07-11 01:29:44,691 [Worker-41] INFO  o.e.m.j.i.AbstractJavaProjectConfigurator - Adding source folder /TestMaven/src/main/java
2017-07-11 01:29:44,694 [Worker-41] INFO  o.e.m.j.i.AbstractJavaProjectConfigurator - Adding source folder /TestMaven/src/test/java
2017-07-11 01:29:44,745 [Worker-41] INFO  o.e.m.c.i.p.ProjectConfigurationManager - Imported and configured 1 project(s) in 1 sec
2017-07-11 01:29:45,243 [Worker-39] INFO  o.e.m.c.i.embedder.EclipseLogger - Using 'UTF-8' encoding to copy filtered resources.
2017-07-11 01:29:45,244 [Worker-39] INFO  o.e.m.c.i.embedder.EclipseLogger - skip non existing resourceDirectory /Users/sangeetha/Documents/Projects/TestMaven/src/main/resources
2017-07-11 01:29:45,246 [Worker-39] INFO  o.e.m.c.i.embedder.EclipseLogger - Using 'UTF-8' encoding to copy filtered resources.
2017-07-11 01:29:45,246 [Worker-39] INFO  o.e.m.c.i.embedder.EclipseLogger - skip non existing resourceDirectory /Users/sangeetha/Documents/Projects/TestMaven/src/test/resources
2017-07-11 01:38:33,819 [Worker-45] INFO  o.e.m.c.i.l.LifecycleMappingFactory - Using org.eclipse.m2e.jdt.JarLifecycleMapping lifecycle mapping for MavenProject: com.school:TestMaven:0.0.1-SNAPSHOT @ /Users/sangeetha/Documents/Projects/TestMaven/pom.xml.
2017-07-11 01:38:33,951 [Worker-45] INFO  o.e.m.c.i.e.AbstractTransferListenerAdapter - Downloading https://repo.maven.apache.org/maven2/com/google/code/gson/gson/1.4/gson-1.4.pom
2017-07-11 01:38:33,965 [Worker-45] INFO  o.e.m.c.i.e.AbstractTransferListenerAdapter - Downloaded https://repo.maven.apache.org/maven2/com/google/code/gson/gson/1.4/gson-1.4.pom
2017-07-11 01:38:33,988 [Worker-45] INFO  o.e.m.c.i.e.AbstractTransferListenerAdapter - Downloading https://repo.maven.apache.org/maven2/com/google/code/gson/gson/1.4/gson-1.4.jar
2017-07-11 01:38:34,043 [Worker-45] INFO  o.e.m.c.i.e.AbstractTransferListenerAdapter - Downloaded https://repo.maven.apache.org/maven2/com/google/code/gson/gson/1.4/gson-1.4.jar
2017-07-11 01:38:34,187 [Worker-45] INFO  o.e.m.c.i.embedder.EclipseLogger - Using 'UTF-8' encoding to copy filtered resources.
2017-07-11 01:38:34,188 [Worker-45] INFO  o.e.m.c.i.embedder.EclipseLogger - skip non existing resourceDirectory /Users/sangeetha/Documents/Projects/TestMaven/src/main/resources
2017-07-11 01:38:34,189 [Worker-45] INFO  o.e.m.c.i.embedder.EclipseLogger - Using 'UTF-8' encoding to copy filtered resources.
2017-07-11 01:38:34,190 [Worker-45] INFO  o.e.m.c.i.embedder.EclipseLogger - skip non existing resourceDirectory /Users/sangeetha/Documents/Projects/TestMaven/src/test/resources
2017-07-11 01:38:35,415 [Worker-45] INFO  o.e.m.c.i.embedder.EclipseLogger - Using 'UTF-8' encoding to copy filtered resources.
2017-07-11 01:38:35,415 [Worker-45] INFO  o.e.m.c.i.embedder.EclipseLogger - skip non existing resourceDirectory /Users/sangeetha/Documents/Projects/TestMaven/src/main/resources
2017-07-11 01:38:35,416 [Worker-45] INFO  o.e.m.c.i.embedder.EclipseLogger - Using 'UTF-8' encoding to copy filtered resources.
2017-07-11 01:38:35,416 [Worker-45] INFO  o.e.m.c.i.embedder.EclipseLogger - skip non existing resourceDirectory /Users/sangeetha/Documents/Projects/TestMaven/src/test/resources
2017-07-11 16:51:43,987 [Worker-63] INFO  o.e.m.c.i.embedder.EclipseLogger - Using 'UTF-8' encoding to copy filtered resources.
2017-07-11 16:51:43,990 [Worker-63] INFO  o.e.m.c.i.embedder.EclipseLogger - skip non existing resourceDirectory /Users/sangeetha/Documents/Projects/TestMaven/src/main/resources
2017-07-11 16:51:43,991 [Worker-63] INFO  o.e.m.c.i.embedder.EclipseLogger - Using 'UTF-8' encoding to copy filtered resources.
2017-07-11 16:51:43,991 [Worker-63] INFO  o.e.m.c.i.embedder.EclipseLogger - skip non existing resourceDirectory /Users/sangeetha/Documents/Projects/TestMaven/src/test/resources
2017-07-11 17:26:15,988 [Worker-5] INFO  c.g.t.t.d.PublishedGradleVersions - Gradle version information cache is up-to-date. Trying to read.
2017-07-16 13:13:16,096 [Worker-0] INFO  c.g.t.t.d.PublishedGradleVersions - Gradle version information cache is out-of-date. Trying to update.
2017-07-16 14:43:40,242 [Worker-25] INFO  o.e.m.c.i.p.ProjectConfigurationManager - Update started
2017-07-16 14:43:41,080 [Worker-25] INFO  o.e.m.c.i.l.LifecycleMappingFactory - Using org.eclipse.m2e.jdt.JarLifecycleMapping lifecycle mapping for MavenProject: com.eye.opener:eye-opener-java-maven:1.0-SNAPSHOT @ /Users/sangeetha/Documents/SankarGithub/eye-opener-java-maven/pom.xml.
2017-07-16 14:43:41,347 [Worker-25] INFO  o.e.m.c.i.e.AbstractTransferListenerAdapter - Downloading https://repo.maven.apache.org/maven2/junit/junit/4.11/junit-4.11.pom
2017-07-16 14:43:41,366 [Worker-25] INFO  o.e.m.c.i.e.AbstractTransferListenerAdapter - Downloaded https://repo.maven.apache.org/maven2/junit/junit/4.11/junit-4.11.pom
2017-07-16 14:43:41,386 [Worker-25] INFO  o.e.m.c.i.e.AbstractTransferListenerAdapter - Downloading https://repo.maven.apache.org/maven2/org/hamcrest/hamcrest-core/1.3/hamcrest-core-1.3.pom
2017-07-16 14:43:41,402 [Worker-25] INFO  o.e.m.c.i.e.AbstractTransferListenerAdapter - Downloaded https://repo.maven.apache.org/maven2/org/hamcrest/hamcrest-core/1.3/hamcrest-core-1.3.pom
2017-07-16 14:43:41,422 [Worker-25] INFO  o.e.m.c.i.e.AbstractTransferListenerAdapter - Downloading https://repo.maven.apache.org/maven2/org/hamcrest/hamcrest-parent/1.3/hamcrest-parent-1.3.pom
2017-07-16 14:43:41,438 [Worker-25] INFO  o.e.m.c.i.e.AbstractTransferListenerAdapter - Downloaded https://repo.maven.apache.org/maven2/org/hamcrest/hamcrest-parent/1.3/hamcrest-parent-1.3.pom
2017-07-16 14:43:41,456 [Worker-25] INFO  o.e.m.c.i.e.AbstractTransferListenerAdapter - Downloading https://repo.maven.apache.org/maven2/log4j/log4j/1.2.17/log4j-1.2.17.pom
2017-07-16 14:43:41,510 [Worker-25] INFO  o.e.m.c.i.e.AbstractTransferListenerAdapter - Downloaded https://repo.maven.apache.org/maven2/log4j/log4j/1.2.17/log4j-1.2.17.pom
2017-07-16 14:43:41,532 [Worker-25] INFO  o.e.m.c.i.e.AbstractTransferListenerAdapter - Downloading https://repo.maven.apache.org/maven2/org/mongodb/mongo-java-driver/2.10.1/mongo-java-driver-2.10.1.pom
2017-07-16 14:43:41,549 [Worker-25] INFO  o.e.m.c.i.e.AbstractTransferListenerAdapter - Downloaded https://repo.maven.apache.org/maven2/org/mongodb/mongo-java-driver/2.10.1/mongo-java-driver-2.10.1.pom
2017-07-16 14:43:41,566 [Worker-25] INFO  o.e.m.c.i.e.AbstractTransferListenerAdapter - Downloading https://repo.maven.apache.org/maven2/mysql/mysql-connector-java/5.1.32/mysql-connector-java-5.1.32.pom
2017-07-16 14:43:41,580 [Worker-25] INFO  o.e.m.c.i.e.AbstractTransferListenerAdapter - Downloaded https://repo.maven.apache.org/maven2/mysql/mysql-connector-java/5.1.32/mysql-connector-java-5.1.32.pom
2017-07-16 14:43:41,597 [Worker-25] INFO  o.e.m.c.i.e.AbstractTransferListenerAdapter - Downloading https://repo.maven.apache.org/maven2/org/hibernate/hibernate-core/4.3.6.Final/hibernate-core-4.3.6.Final.pom
2017-07-16 14:43:41,611 [Worker-25] INFO  o.e.m.c.i.e.AbstractTransferListenerAdapter - Downloaded https://repo.maven.apache.org/maven2/org/hibernate/hibernate-core/4.3.6.Final/hibernate-core-4.3.6.Final.pom
2017-07-16 14:43:41,637 [Worker-25] INFO  o.e.m.c.i.e.AbstractTransferListenerAdapter - Downloading https://repo.maven.apache.org/maven2/org/jboss/logging/jboss-logging/3.1.3.GA/jboss-logging-3.1.3.GA.pom
2017-07-16 14:43:41,652 [Worker-25] INFO  o.e.m.c.i.e.AbstractTransferListenerAdapter - Downloaded https://repo.maven.apache.org/maven2/org/jboss/logging/jboss-logging/3.1.3.GA/jboss-logging-3.1.3.GA.pom
2017-07-16 14:43:41,678 [Worker-25] INFO  o.e.m.c.i.e.AbstractTransferListenerAdapter - Downloading https://repo.maven.apache.org/maven2/org/jboss/jboss-parent/9/jboss-parent-9.pom
2017-07-16 14:43:41,701 [Worker-25] INFO  o.e.m.c.i.e.AbstractTransferListenerAdapter - Downloaded https://repo.maven.apache.org/maven2/org/jboss/jboss-parent/9/jboss-parent-9.pom
2017-07-16 14:43:41,721 [Worker-25] INFO  o.e.m.c.i.e.AbstractTransferListenerAdapter - Downloading https://repo.maven.apache.org/maven2/org/jboss/logging/jboss-logging-annotations/1.2.0.Beta1/jboss-logging-annotations-1.2.0.Beta1.pom
2017-07-16 14:43:41,778 [Worker-25] INFO  o.e.m.c.i.e.AbstractTransferListenerAdapter - Downloaded https://repo.maven.apache.org/maven2/org/jboss/logging/jboss-logging-annotations/1.2.0.Beta1/jboss-logging-annotations-1.2.0.Beta1.pom
2017-07-16 14:43:41,795 [Worker-25] INFO  o.e.m.c.i.e.AbstractTransferListenerAdapter - Downloading https://repo.maven.apache.org/maven2/org/jboss/logging/jboss-logging-tools-parent/1.2.0.Beta1/jboss-logging-tools-parent-1.2.0.Beta1.pom
2017-07-16 14:43:41,809 [Worker-25] INFO  o.e.m.c.i.e.AbstractTransferListenerAdapter - Downloaded https://repo.maven.apache.org/maven2/org/jboss/logging/jboss-logging-tools-parent/1.2.0.Beta1/jboss-logging-tools-parent-1.2.0.Beta1.pom
2017-07-16 14:43:41,825 [Worker-25] INFO  o.e.m.c.i.e.AbstractTransferListenerAdapter - Downloading https://repo.maven.apache.org/maven2/org/jboss/jboss-parent/10/jboss-parent-10.pom
2017-07-16 14:43:41,849 [Worker-25] INFO  o.e.m.c.i.e.AbstractTransferListenerAdapter - Downloaded https://repo.maven.apache.org/maven2/org/jboss/jboss-parent/10/jboss-parent-10.pom
2017-07-16 14:43:41,872 [Worker-25] INFO  o.e.m.c.i.e.AbstractTransferListenerAdapter - Downloading https://repo.maven.apache.org/maven2/org/jboss/spec/javax/transaction/jboss-transaction-api_1.2_spec/1.0.0.Final/jboss-transaction-api_1.2_spec-1.0.0.Final.pom
2017-07-16 14:43:41,890 [Worker-25] INFO  o.e.m.c.i.e.AbstractTransferListenerAdapter - Downloaded https://repo.maven.apache.org/maven2/org/jboss/spec/javax/transaction/jboss-transaction-api_1.2_spec/1.0.0.Final/jboss-transaction-api_1.2_spec-1.0.0.Final.pom
2017-07-16 14:43:41,911 [Worker-25] INFO  o.e.m.c.i.e.AbstractTransferListenerAdapter - Downloading https://repo.maven.apache.org/maven2/dom4j/dom4j/1.6.1/dom4j-1.6.1.pom
2017-07-16 14:43:41,926 [Worker-25] INFO  o.e.m.c.i.e.AbstractTransferListenerAdapter - Downloaded https://repo.maven.apache.org/maven2/dom4j/dom4j/1.6.1/dom4j-1.6.1.pom
2017-07-16 14:43:41,945 [Worker-25] INFO  o.e.m.c.i.e.AbstractTransferListenerAdapter - Downloading https://repo.maven.apache.org/maven2/org/hibernate/common/hibernate-commons-annotations/4.0.5.Final/hibernate-commons-annotations-4.0.5.Final.pom
2017-07-16 14:43:41,962 [Worker-25] INFO  o.e.m.c.i.e.AbstractTransferListenerAdapter - Downloaded https://repo.maven.apache.org/maven2/org/hibernate/common/hibernate-commons-annotations/4.0.5.Final/hibernate-commons-annotations-4.0.5.Final.pom
2017-07-16 14:43:41,978 [Worker-25] INFO  o.e.m.c.i.e.AbstractTransferListenerAdapter - Downloading https://repo.maven.apache.org/maven2/org/hibernate/javax/persistence/hibernate-jpa-2.1-api/1.0.0.Final/hibernate-jpa-2.1-api-1.0.0.Final.pom
2017-07-16 14:43:41,992 [Worker-25] INFO  o.e.m.c.i.e.AbstractTransferListenerAdapter - Downloaded https://repo.maven.apache.org/maven2/org/hibernate/javax/persistence/hibernate-jpa-2.1-api/1.0.0.Final/hibernate-jpa-2.1-api-1.0.0.Final.pom
2017-07-16 14:43:42,008 [Worker-25] INFO  o.e.m.c.i.e.AbstractTransferListenerAdapter - Downloading https://repo.maven.apache.org/maven2/org/javassist/javassist/3.18.1-GA/javassist-3.18.1-GA.pom
2017-07-16 14:43:42,024 [Worker-25] INFO  o.e.m.c.i.e.AbstractTransferListenerAdapter - Downloaded https://repo.maven.apache.org/maven2/org/javassist/javassist/3.18.1-GA/javassist-3.18.1-GA.pom
2017-07-16 14:43:42,040 [Worker-25] INFO  o.e.m.c.i.e.AbstractTransferListenerAdapter - Downloading https://repo.maven.apache.org/maven2/antlr/antlr/2.7.7/antlr-2.7.7.pom
2017-07-16 14:43:42,057 [Worker-25] INFO  o.e.m.c.i.e.AbstractTransferListenerAdapter - Downloaded https://repo.maven.apache.org/maven2/antlr/antlr/2.7.7/antlr-2.7.7.pom
2017-07-16 14:43:42,075 [Worker-25] INFO  o.e.m.c.i.e.AbstractTransferListenerAdapter - Downloading https://repo.maven.apache.org/maven2/org/jboss/jandex/1.1.0.Final/jandex-1.1.0.Final.pom
2017-07-16 14:43:42,089 [Worker-25] INFO  o.e.m.c.i.e.AbstractTransferListenerAdapter - Downloaded https://repo.maven.apache.org/maven2/org/jboss/jandex/1.1.0.Final/jandex-1.1.0.Final.pom
2017-07-16 14:43:42,103 [Worker-25] INFO  o.e.m.c.i.e.AbstractTransferListenerAdapter - Downloading https://repo.maven.apache.org/maven2/org/jboss/jboss-parent/5/jboss-parent-5.pom
2017-07-16 14:43:42,122 [Worker-25] INFO  o.e.m.c.i.e.AbstractTransferListenerAdapter - Downloaded https://repo.maven.apache.org/maven2/org/jboss/jboss-parent/5/jboss-parent-5.pom
2017-07-16 14:43:42,140 [Worker-25] INFO  o.e.m.c.i.e.AbstractTransferListenerAdapter - Downloading https://repo.maven.apache.org/maven2/org/hibernate/hibernate-annotations/3.5.6-Final/hibernate-annotations-3.5.6-Final.pom
2017-07-16 14:43:42,158 [Worker-25] INFO  o.e.m.c.i.e.AbstractTransferListenerAdapter - Downloaded https://repo.maven.apache.org/maven2/org/hibernate/hibernate-annotations/3.5.6-Final/hibernate-annotations-3.5.6-Final.pom
2017-07-16 14:43:42,179 [Worker-25] INFO  o.e.m.c.i.e.AbstractTransferListenerAdapter - Downloading https://repo.maven.apache.org/maven2/org/hibernate/hibernate-parent/3.5.6-Final/hibernate-parent-3.5.6-Final.pom
2017-07-16 14:43:42,216 [Worker-25] INFO  o.e.m.c.i.e.AbstractTransferListenerAdapter - Downloaded https://repo.maven.apache.org/maven2/org/hibernate/hibernate-parent/3.5.6-Final/hibernate-parent-3.5.6-Final.pom
2017-07-16 14:43:42,238 [Worker-25] INFO  o.e.m.c.i.e.AbstractTransferListenerAdapter - Downloading https://repo.maven.apache.org/maven2/org/hibernate/hibernate-core/3.5.6-Final/hibernate-core-3.5.6-Final.pom
2017-07-16 14:43:42,253 [Worker-25] INFO  o.e.m.c.i.e.AbstractTransferListenerAdapter - Downloaded https://repo.maven.apache.org/maven2/org/hibernate/hibernate-core/3.5.6-Final/hibernate-core-3.5.6-Final.pom
2017-07-16 14:43:42,280 [Worker-25] INFO  o.e.m.c.i.e.AbstractTransferListenerAdapter - Downloading https://repo.maven.apache.org/maven2/antlr/antlr/2.7.6/antlr-2.7.6.pom
2017-07-16 14:43:42,300 [Worker-25] INFO  o.e.m.c.i.e.AbstractTransferListenerAdapter - Downloaded https://repo.maven.apache.org/maven2/antlr/antlr/2.7.6/antlr-2.7.6.pom
2017-07-16 14:43:42,322 [Worker-25] INFO  o.e.m.c.i.e.AbstractTransferListenerAdapter - Downloading https://repo.maven.apache.org/maven2/javax/transaction/jta/1.1/jta-1.1.pom
2017-07-16 14:43:42,338 [Worker-25] INFO  o.e.m.c.i.e.AbstractTransferListenerAdapter - Downloaded https://repo.maven.apache.org/maven2/javax/transaction/jta/1.1/jta-1.1.pom
2017-07-16 14:43:42,354 [Worker-25] INFO  o.e.m.c.i.e.AbstractTransferListenerAdapter - Downloading https://repo.maven.apache.org/maven2/org/slf4j/slf4j-api/1.5.8/slf4j-api-1.5.8.pom
2017-07-16 14:43:42,373 [Worker-25] INFO  o.e.m.c.i.e.AbstractTransferListenerAdapter - Downloaded https://repo.maven.apache.org/maven2/org/slf4j/slf4j-api/1.5.8/slf4j-api-1.5.8.pom
2017-07-16 14:43:42,389 [Worker-25] INFO  o.e.m.c.i.e.AbstractTransferListenerAdapter - Downloading https://repo.maven.apache.org/maven2/org/slf4j/slf4j-parent/1.5.8/slf4j-parent-1.5.8.pom
2017-07-16 14:43:42,408 [Worker-25] INFO  o.e.m.c.i.e.AbstractTransferListenerAdapter - Downloaded https://repo.maven.apache.org/maven2/org/slf4j/slf4j-parent/1.5.8/slf4j-parent-1.5.8.pom
2017-07-16 14:43:42,426 [Worker-25] INFO  o.e.m.c.i.e.AbstractTransferListenerAdapter - Downloading https://repo.maven.apache.org/maven2/org/hibernate/hibernate-commons-annotations/3.2.0.Final/hibernate-commons-annotations-3.2.0.Final.pom
2017-07-16 14:43:42,441 [Worker-25] INFO  o.e.m.c.i.e.AbstractTransferListenerAdapter - Downloaded https://repo.maven.apache.org/maven2/org/hibernate/hibernate-commons-annotations/3.2.0.Final/hibernate-commons-annotations-3.2.0.Final.pom
2017-07-16 14:43:42,462 [Worker-25] INFO  o.e.m.c.i.e.AbstractTransferListenerAdapter - Downloading https://repo.maven.apache.org/maven2/org/hibernate/javax/persistence/hibernate-jpa-2.0-api/1.0.0.Final/hibernate-jpa-2.0-api-1.0.0.Final.pom
2017-07-16 14:43:42,479 [Worker-25] INFO  o.e.m.c.i.e.AbstractTransferListenerAdapter - Downloaded https://repo.maven.apache.org/maven2/org/hibernate/javax/persistence/hibernate-jpa-2.0-api/1.0.0.Final/hibernate-jpa-2.0-api-1.0.0.Final.pom
2017-07-16 14:43:42,496 [Worker-25] INFO  o.e.m.c.i.e.AbstractTransferListenerAdapter - Downloading https://repo.maven.apache.org/maven2/org/hibernate/hibernate-commons-annotations/3.3.0.ga/hibernate-commons-annotations-3.3.0.ga.pom
2017-07-16 14:43:42,509 [Worker-25] INFO  o.e.m.c.i.e.AbstractTransferListenerAdapter - Downloaded https://repo.maven.apache.org/maven2/org/hibernate/hibernate-commons-annotations/3.3.0.ga/hibernate-commons-annotations-3.3.0.ga.pom
2017-07-16 14:43:42,525 [Worker-25] INFO  o.e.m.c.i.e.AbstractTransferListenerAdapter - Downloading https://repo.maven.apache.org/maven2/org/hibernate/hibernate/3.2.1.ga/hibernate-3.2.1.ga.pom
2017-07-16 14:43:42,540 [Worker-25] INFO  o.e.m.c.i.e.AbstractTransferListenerAdapter - Downloaded https://repo.maven.apache.org/maven2/org/hibernate/hibernate/3.2.1.ga/hibernate-3.2.1.ga.pom
2017-07-16 14:43:42,557 [Worker-25] INFO  o.e.m.c.i.e.AbstractTransferListenerAdapter - Downloading https://repo.maven.apache.org/maven2/net/sf/ehcache/ehcache/1.2.3/ehcache-1.2.3.pom
2017-07-16 14:43:42,578 [Worker-25] INFO  o.e.m.c.i.e.AbstractTransferListenerAdapter - Downloaded https://repo.maven.apache.org/maven2/net/sf/ehcache/ehcache/1.2.3/ehcache-1.2.3.pom
2017-07-16 14:43:42,598 [Worker-25] INFO  o.e.m.c.i.e.AbstractTransferListenerAdapter - Downloading https://repo.maven.apache.org/maven2/javax/transaction/jta/1.0.1B/jta-1.0.1B.pom
2017-07-16 14:43:42,615 [Worker-25] INFO  o.e.m.c.i.e.AbstractTransferListenerAdapter - Downloaded https://repo.maven.apache.org/maven2/javax/transaction/jta/1.0.1B/jta-1.0.1B.pom
2017-07-16 14:43:42,631 [Worker-25] INFO  o.e.m.c.i.e.AbstractTransferListenerAdapter - Downloading https://repo.maven.apache.org/maven2/asm/asm-attrs/1.5.3/asm-attrs-1.5.3.pom
2017-07-16 14:43:42,646 [Worker-25] INFO  o.e.m.c.i.e.AbstractTransferListenerAdapter - Downloaded https://repo.maven.apache.org/maven2/asm/asm-attrs/1.5.3/asm-attrs-1.5.3.pom
2017-07-16 14:43:42,661 [Worker-25] INFO  o.e.m.c.i.e.AbstractTransferListenerAdapter - Downloading https://repo.maven.apache.org/maven2/cglib/cglib/2.1_3/cglib-2.1_3.pom
2017-07-16 14:43:42,679 [Worker-25] INFO  o.e.m.c.i.e.AbstractTransferListenerAdapter - Downloaded https://repo.maven.apache.org/maven2/cglib/cglib/2.1_3/cglib-2.1_3.pom
2017-07-16 14:43:42,695 [Worker-25] INFO  o.e.m.c.i.e.AbstractTransferListenerAdapter - Downloading https://repo.maven.apache.org/maven2/asm/asm/1.5.3/asm-1.5.3.pom
2017-07-16 14:43:42,716 [Worker-25] INFO  o.e.m.c.i.e.AbstractTransferListenerAdapter - Downloaded https://repo.maven.apache.org/maven2/asm/asm/1.5.3/asm-1.5.3.pom
2017-07-16 14:43:42,731 [Worker-25] INFO  o.e.m.c.i.e.AbstractTransferListenerAdapter - Downloading https://repo.maven.apache.org/maven2/commons-collections/commons-collections/2.1.1/commons-collections-2.1.1.pom
2017-07-16 14:43:42,745 [Worker-25] INFO  o.e.m.c.i.e.AbstractTransferListenerAdapter - Downloaded https://repo.maven.apache.org/maven2/commons-collections/commons-collections/2.1.1/commons-collections-2.1.1.pom
2017-07-16 14:43:42,760 [Worker-25] INFO  o.e.m.c.i.e.AbstractTransferListenerAdapter - Downloading https://repo.maven.apache.org/maven2/javax/persistence/persistence-api/1.0/persistence-api-1.0.pom
2017-07-16 14:43:42,781 [Worker-25] INFO  o.e.m.c.i.e.AbstractTransferListenerAdapter - Downloaded https://repo.maven.apache.org/maven2/javax/persistence/persistence-api/1.0/persistence-api-1.0.pom
2017-07-16 14:43:42,799 [Worker-25] INFO  o.e.m.c.i.e.AbstractTransferListenerAdapter - Downloading https://repo.maven.apache.org/maven2/org/mybatis/mybatis/3.2.7/mybatis-3.2.7.pom
2017-07-16 14:43:42,817 [Worker-25] INFO  o.e.m.c.i.e.AbstractTransferListenerAdapter - Downloaded https://repo.maven.apache.org/maven2/org/mybatis/mybatis/3.2.7/mybatis-3.2.7.pom
2017-07-16 14:43:42,831 [Worker-25] INFO  o.e.m.c.i.e.AbstractTransferListenerAdapter - Downloading https://repo.maven.apache.org/maven2/org/mybatis/mybatis-parent/21/mybatis-parent-21.pom
2017-07-16 14:43:42,855 [Worker-25] INFO  o.e.m.c.i.e.AbstractTransferListenerAdapter - Downloaded https://repo.maven.apache.org/maven2/org/mybatis/mybatis-parent/21/mybatis-parent-21.pom
2017-07-16 14:43:42,872 [Worker-25] INFO  o.e.m.c.i.e.AbstractTransferListenerAdapter - Downloading https://repo.maven.apache.org/maven2/com/google/code/gson/gson/2.8.0/gson-2.8.0.pom
2017-07-16 14:43:42,890 [Worker-25] INFO  o.e.m.c.i.e.AbstractTransferListenerAdapter - Downloaded https://repo.maven.apache.org/maven2/com/google/code/gson/gson/2.8.0/gson-2.8.0.pom
2017-07-16 14:43:42,906 [Worker-25] INFO  o.e.m.c.i.e.AbstractTransferListenerAdapter - Downloading https://repo.maven.apache.org/maven2/com/google/code/gson/gson-parent/2.8.0/gson-parent-2.8.0.pom
2017-07-16 14:43:42,924 [Worker-25] INFO  o.e.m.c.i.e.AbstractTransferListenerAdapter - Downloaded https://repo.maven.apache.org/maven2/com/google/code/gson/gson-parent/2.8.0/gson-parent-2.8.0.pom
2017-07-16 14:43:42,942 [Worker-25] INFO  o.e.m.c.i.e.AbstractTransferListenerAdapter - Downloading https://repo.maven.apache.org/maven2/org/sonatype/oss/oss-parent/7/oss-parent-7.pom
2017-07-16 14:43:42,958 [Worker-25] INFO  o.e.m.c.i.e.AbstractTransferListenerAdapter - Downloaded https://repo.maven.apache.org/maven2/org/sonatype/oss/oss-parent/7/oss-parent-7.pom
2017-07-16 14:43:42,978 [Worker-25] INFO  o.e.m.c.i.e.AbstractTransferListenerAdapter - Downloading https://repo.maven.apache.org/maven2/org/testng/testng/6.11/testng-6.11.pom
2017-07-16 14:43:42,992 [Worker-25] INFO  o.e.m.c.i.e.AbstractTransferListenerAdapter - Downloaded https://repo.maven.apache.org/maven2/org/testng/testng/6.11/testng-6.11.pom
2017-07-16 14:43:43,007 [Worker-25] INFO  o.e.m.c.i.e.AbstractTransferListenerAdapter - Downloading https://repo.maven.apache.org/maven2/com/beust/jcommander/1.64/jcommander-1.64.pom
2017-07-16 14:43:43,023 [Worker-25] INFO  o.e.m.c.i.e.AbstractTransferListenerAdapter - Downloaded https://repo.maven.apache.org/maven2/com/beust/jcommander/1.64/jcommander-1.64.pom
2017-07-16 14:43:43,042 [Worker-25] INFO  o.e.m.c.i.e.AbstractTransferListenerAdapter - Downloading https://repo.maven.apache.org/maven2/org/yaml/snakeyaml/1.17/snakeyaml-1.17.pom
2017-07-16 14:43:43,065 [Worker-25] INFO  o.e.m.c.i.e.AbstractTransferListenerAdapter - Downloaded https://repo.maven.apache.org/maven2/org/yaml/snakeyaml/1.17/snakeyaml-1.17.pom
2017-07-16 14:43:43,111 [Worker-25] INFO  o.e.m.c.i.e.AbstractTransferListenerAdapter - Downloading https://repo.maven.apache.org/maven2/junit/junit/4.11/junit-4.11.jar
2017-07-16 14:43:43,204 [Worker-25] INFO  o.e.m.c.i.e.AbstractTransferListenerAdapter - Downloaded https://repo.maven.apache.org/maven2/junit/junit/4.11/junit-4.11.jar
2017-07-16 14:43:43,221 [Worker-25] INFO  o.e.m.c.i.e.AbstractTransferListenerAdapter - Downloading https://repo.maven.apache.org/maven2/org/hamcrest/hamcrest-core/1.3/hamcrest-core-1.3.jar
2017-07-16 14:43:43,245 [Worker-25] INFO  o.e.m.c.i.e.AbstractTransferListenerAdapter - Downloaded https://repo.maven.apache.org/maven2/org/hamcrest/hamcrest-core/1.3/hamcrest-core-1.3.jar
2017-07-16 14:43:43,264 [Worker-25] INFO  o.e.m.c.i.e.AbstractTransferListenerAdapter - Downloading https://repo.maven.apache.org/maven2/log4j/log4j/1.2.17/log4j-1.2.17.jar
2017-07-16 14:43:43,400 [Worker-25] INFO  o.e.m.c.i.e.AbstractTransferListenerAdapter - Downloaded https://repo.maven.apache.org/maven2/log4j/log4j/1.2.17/log4j-1.2.17.jar
2017-07-16 14:43:43,427 [Worker-25] INFO  o.e.m.c.i.e.AbstractTransferListenerAdapter - Downloading https://repo.maven.apache.org/maven2/org/mongodb/mongo-java-driver/2.10.1/mongo-java-driver-2.10.1.jar
2017-07-16 14:43:43,512 [Worker-25] INFO  o.e.m.c.i.e.AbstractTransferListenerAdapter - Downloaded https://repo.maven.apache.org/maven2/org/mongodb/mongo-java-driver/2.10.1/mongo-java-driver-2.10.1.jar
2017-07-16 14:43:43,533 [Worker-25] INFO  o.e.m.c.i.e.AbstractTransferListenerAdapter - Downloading https://repo.maven.apache.org/maven2/mysql/mysql-connector-java/5.1.32/mysql-connector-java-5.1.32.jar
2017-07-16 14:43:43,703 [Worker-25] INFO  o.e.m.c.i.e.AbstractTransferListenerAdapter - Downloaded https://repo.maven.apache.org/maven2/mysql/mysql-connector-java/5.1.32/mysql-connector-java-5.1.32.jar
2017-07-16 14:43:43,716 [Worker-25] INFO  o.e.m.c.i.e.AbstractTransferListenerAdapter - Downloading https://repo.maven.apache.org/maven2/org/hibernate/hibernate-core/4.3.6.Final/hibernate-core-4.3.6.Final.jar
2017-07-16 14:43:44,553 [Worker-25] INFO  o.e.m.c.i.e.AbstractTransferListenerAdapter - Downloaded https://repo.maven.apache.org/maven2/org/hibernate/hibernate-core/4.3.6.Final/hibernate-core-4.3.6.Final.jar
2017-07-16 14:43:44,571 [Worker-25] INFO  o.e.m.c.i.e.AbstractTransferListenerAdapter - Downloading https://repo.maven.apache.org/maven2/org/jboss/logging/jboss-logging/3.1.3.GA/jboss-logging-3.1.3.GA.jar
2017-07-16 14:43:44,597 [Worker-25] INFO  o.e.m.c.i.e.AbstractTransferListenerAdapter - Downloaded https://repo.maven.apache.org/maven2/org/jboss/logging/jboss-logging/3.1.3.GA/jboss-logging-3.1.3.GA.jar
2017-07-16 14:43:44,611 [Worker-25] INFO  o.e.m.c.i.e.AbstractTransferListenerAdapter - Downloading https://repo.maven.apache.org/maven2/org/jboss/logging/jboss-logging-annotations/1.2.0.Beta1/jboss-logging-annotations-1.2.0.Beta1.jar
2017-07-16 14:43:44,627 [Worker-25] INFO  o.e.m.c.i.e.AbstractTransferListenerAdapter - Downloaded https://repo.maven.apache.org/maven2/org/jboss/logging/jboss-logging-annotations/1.2.0.Beta1/jboss-logging-annotations-1.2.0.Beta1.jar
2017-07-16 14:43:44,643 [Worker-25] INFO  o.e.m.c.i.e.AbstractTransferListenerAdapter - Downloading https://repo.maven.apache.org/maven2/org/jboss/spec/javax/transaction/jboss-transaction-api_1.2_spec/1.0.0.Final/jboss-transaction-api_1.2_spec-1.0.0.Final.jar
2017-07-16 14:43:44,661 [Worker-25] INFO  o.e.m.c.i.e.AbstractTransferListenerAdapter - Downloaded https://repo.maven.apache.org/maven2/org/jboss/spec/javax/transaction/jboss-transaction-api_1.2_spec/1.0.0.Final/jboss-transaction-api_1.2_spec-1.0.0.Final.jar
2017-07-16 14:43:44,680 [Worker-25] INFO  o.e.m.c.i.e.AbstractTransferListenerAdapter - Downloading https://repo.maven.apache.org/maven2/dom4j/dom4j/1.6.1/dom4j-1.6.1.jar
2017-07-16 14:43:44,742 [Worker-25] INFO  o.e.m.c.i.e.AbstractTransferListenerAdapter - Downloaded https://repo.maven.apache.org/maven2/dom4j/dom4j/1.6.1/dom4j-1.6.1.jar
2017-07-16 14:43:44,758 [Worker-25] INFO  o.e.m.c.i.e.AbstractTransferListenerAdapter - Downloading https://repo.maven.apache.org/maven2/xml-apis/xml-apis/1.0.b2/xml-apis-1.0.b2.jar
2017-07-16 14:43:44,791 [Worker-25] INFO  o.e.m.c.i.e.AbstractTransferListenerAdapter - Downloaded https://repo.maven.apache.org/maven2/xml-apis/xml-apis/1.0.b2/xml-apis-1.0.b2.jar
2017-07-16 14:43:44,810 [Worker-25] INFO  o.e.m.c.i.e.AbstractTransferListenerAdapter - Downloading https://repo.maven.apache.org/maven2/org/hibernate/common/hibernate-commons-annotations/4.0.5.Final/hibernate-commons-annotations-4.0.5.Final.jar
2017-07-16 14:43:44,842 [Worker-25] INFO  o.e.m.c.i.e.AbstractTransferListenerAdapter - Downloaded https://repo.maven.apache.org/maven2/org/hibernate/common/hibernate-commons-annotations/4.0.5.Final/hibernate-commons-annotations-4.0.5.Final.jar
2017-07-16 14:43:44,859 [Worker-25] INFO  o.e.m.c.i.e.AbstractTransferListenerAdapter - Downloading https://repo.maven.apache.org/maven2/org/hibernate/javax/persistence/hibernate-jpa-2.1-api/1.0.0.Final/hibernate-jpa-2.1-api-1.0.0.Final.jar
2017-07-16 14:43:44,912 [Worker-25] INFO  o.e.m.c.i.e.AbstractTransferListenerAdapter - Downloaded https://repo.maven.apache.org/maven2/org/hibernate/javax/persistence/hibernate-jpa-2.1-api/1.0.0.Final/hibernate-jpa-2.1-api-1.0.0.Final.jar
2017-07-16 14:43:44,927 [Worker-25] INFO  o.e.m.c.i.e.AbstractTransferListenerAdapter - Downloading https://repo.maven.apache.org/maven2/org/javassist/javassist/3.18.1-GA/javassist-3.18.1-GA.jar
2017-07-16 14:43:45,048 [Worker-25] INFO  o.e.m.c.i.e.AbstractTransferListenerAdapter - Downloaded https://repo.maven.apache.org/maven2/org/javassist/javassist/3.18.1-GA/javassist-3.18.1-GA.jar
2017-07-16 14:43:45,063 [Worker-25] INFO  o.e.m.c.i.e.AbstractTransferListenerAdapter - Downloading https://repo.maven.apache.org/maven2/antlr/antlr/2.7.7/antlr-2.7.7.jar
2017-07-16 14:43:45,163 [Worker-25] INFO  o.e.m.c.i.e.AbstractTransferListenerAdapter - Downloaded https://repo.maven.apache.org/maven2/antlr/antlr/2.7.7/antlr-2.7.7.jar
2017-07-16 14:43:45,180 [Worker-25] INFO  o.e.m.c.i.e.AbstractTransferListenerAdapter - Downloading https://repo.maven.apache.org/maven2/org/jboss/jandex/1.1.0.Final/jandex-1.1.0.Final.jar
2017-07-16 14:43:45,204 [Worker-25] INFO  o.e.m.c.i.e.AbstractTransferListenerAdapter - Downloaded https://repo.maven.apache.org/maven2/org/jboss/jandex/1.1.0.Final/jandex-1.1.0.Final.jar
2017-07-16 14:43:45,224 [Worker-25] INFO  o.e.m.c.i.e.AbstractTransferListenerAdapter - Downloading https://repo.maven.apache.org/maven2/org/hibernate/hibernate-annotations/3.5.6-Final/hibernate-annotations-3.5.6-Final.jar
2017-07-16 14:43:45,300 [Worker-25] INFO  o.e.m.c.i.e.AbstractTransferListenerAdapter - Downloaded https://repo.maven.apache.org/maven2/org/hibernate/hibernate-annotations/3.5.6-Final/hibernate-annotations-3.5.6-Final.jar
2017-07-16 14:43:45,317 [Worker-25] INFO  o.e.m.c.i.e.AbstractTransferListenerAdapter - Downloading https://repo.maven.apache.org/maven2/org/hibernate/javax/persistence/hibernate-jpa-2.0-api/1.0.0.Final/hibernate-jpa-2.0-api-1.0.0.Final.jar
2017-07-16 14:43:45,355 [Worker-25] INFO  o.e.m.c.i.e.AbstractTransferListenerAdapter - Downloaded https://repo.maven.apache.org/maven2/org/hibernate/javax/persistence/hibernate-jpa-2.0-api/1.0.0.Final/hibernate-jpa-2.0-api-1.0.0.Final.jar
2017-07-16 14:43:45,372 [Worker-25] INFO  o.e.m.c.i.e.AbstractTransferListenerAdapter - Downloading https://repo.maven.apache.org/maven2/org/slf4j/slf4j-api/1.5.8/slf4j-api-1.5.8.jar
2017-07-16 14:43:45,387 [Worker-25] INFO  o.e.m.c.i.e.AbstractTransferListenerAdapter - Downloaded https://repo.maven.apache.org/maven2/org/slf4j/slf4j-api/1.5.8/slf4j-api-1.5.8.jar
2017-07-16 14:43:45,407 [Worker-25] INFO  o.e.m.c.i.e.AbstractTransferListenerAdapter - Downloading https://repo.maven.apache.org/maven2/org/hibernate/hibernate-commons-annotations/3.3.0.ga/hibernate-commons-annotations-3.3.0.ga.jar
2017-07-16 14:43:45,429 [Worker-25] INFO  o.e.m.c.i.e.AbstractTransferListenerAdapter - Downloaded https://repo.maven.apache.org/maven2/org/hibernate/hibernate-commons-annotations/3.3.0.ga/hibernate-commons-annotations-3.3.0.ga.jar
2017-07-16 14:43:45,472 [Worker-25] INFO  o.e.m.c.i.e.AbstractTransferListenerAdapter - Downloading https://repo.maven.apache.org/maven2/org/hibernate/hibernate/3.2.1.ga/hibernate-3.2.1.ga.jar
2017-07-16 14:43:45,835 [Worker-25] INFO  o.e.m.c.i.e.AbstractTransferListenerAdapter - Downloaded https://repo.maven.apache.org/maven2/org/hibernate/hibernate/3.2.1.ga/hibernate-3.2.1.ga.jar
2017-07-16 14:43:45,854 [Worker-25] INFO  o.e.m.c.i.e.AbstractTransferListenerAdapter - Downloading https://repo.maven.apache.org/maven2/net/sf/ehcache/ehcache/1.2.3/ehcache-1.2.3.jar
2017-07-16 14:43:45,903 [Worker-25] INFO  o.e.m.c.i.e.AbstractTransferListenerAdapter - Downloaded https://repo.maven.apache.org/maven2/net/sf/ehcache/ehcache/1.2.3/ehcache-1.2.3.jar
2017-07-16 14:43:45,920 [Worker-25] INFO  o.e.m.c.i.e.AbstractTransferListenerAdapter - Downloaded https://repo.maven.apache.org/maven2/javax/transaction/jta/1.0.1B/jta-1.0.1B.jar
2017-07-16 14:43:46,034 [Worker-25] INFO  o.e.m.c.i.e.AbstractTransferListenerAdapter - Downloading https://repo.maven.apache.org/maven2/commons-logging/commons-logging/1.0.4/commons-logging-1.0.4.jar
2017-07-16 14:43:46,068 [Worker-25] INFO  o.e.m.c.i.e.AbstractTransferListenerAdapter - Downloaded https://repo.maven.apache.org/maven2/commons-logging/commons-logging/1.0.4/commons-logging-1.0.4.jar
2017-07-16 14:43:46,080 [Worker-25] INFO  o.e.m.c.i.e.AbstractTransferListenerAdapter - Downloading https://repo.maven.apache.org/maven2/asm/asm-attrs/1.5.3/asm-attrs-1.5.3.jar
2017-07-16 14:43:46,098 [Worker-25] INFO  o.e.m.c.i.e.AbstractTransferListenerAdapter - Downloaded https://repo.maven.apache.org/maven2/asm/asm-attrs/1.5.3/asm-attrs-1.5.3.jar
2017-07-16 14:43:46,113 [Worker-25] INFO  o.e.m.c.i.e.AbstractTransferListenerAdapter - Downloading https://repo.maven.apache.org/maven2/cglib/cglib/2.1_3/cglib-2.1_3.jar
2017-07-16 14:43:46,193 [Worker-25] INFO  o.e.m.c.i.e.AbstractTransferListenerAdapter - Downloaded https://repo.maven.apache.org/maven2/cglib/cglib/2.1_3/cglib-2.1_3.jar
2017-07-16 14:43:46,216 [Worker-25] INFO  o.e.m.c.i.e.AbstractTransferListenerAdapter - Downloading https://repo.maven.apache.org/maven2/asm/asm/1.5.3/asm-1.5.3.jar
2017-07-16 14:43:46,234 [Worker-25] INFO  o.e.m.c.i.e.AbstractTransferListenerAdapter - Downloaded https://repo.maven.apache.org/maven2/asm/asm/1.5.3/asm-1.5.3.jar
2017-07-16 14:43:46,253 [Worker-25] INFO  o.e.m.c.i.e.AbstractTransferListenerAdapter - Downloading https://repo.maven.apache.org/maven2/commons-collections/commons-collections/2.1.1/commons-collections-2.1.1.jar
2017-07-16 14:43:46,293 [Worker-25] INFO  o.e.m.c.i.e.AbstractTransferListenerAdapter - Downloaded https://repo.maven.apache.org/maven2/commons-collections/commons-collections/2.1.1/commons-collections-2.1.1.jar
2017-07-16 14:43:46,309 [Worker-25] INFO  o.e.m.c.i.e.AbstractTransferListenerAdapter - Downloading https://repo.maven.apache.org/maven2/javax/persistence/persistence-api/1.0/persistence-api-1.0.jar
2017-07-16 14:43:46,332 [Worker-25] INFO  o.e.m.c.i.e.AbstractTransferListenerAdapter - Downloaded https://repo.maven.apache.org/maven2/javax/persistence/persistence-api/1.0/persistence-api-1.0.jar
2017-07-16 14:43:46,344 [Worker-25] INFO  o.e.m.c.i.e.AbstractTransferListenerAdapter - Downloading https://repo.maven.apache.org/maven2/org/mybatis/mybatis/3.2.7/mybatis-3.2.7.jar
2017-07-16 14:43:46,485 [Worker-25] INFO  o.e.m.c.i.e.AbstractTransferListenerAdapter - Downloaded https://repo.maven.apache.org/maven2/org/mybatis/mybatis/3.2.7/mybatis-3.2.7.jar
2017-07-16 14:43:46,497 [Worker-25] INFO  o.e.m.c.i.e.AbstractTransferListenerAdapter - Downloading https://repo.maven.apache.org/maven2/com/google/code/gson/gson/2.8.0/gson-2.8.0.jar
2017-07-16 14:43:46,546 [Worker-25] INFO  o.e.m.c.i.e.AbstractTransferListenerAdapter - Downloaded https://repo.maven.apache.org/maven2/com/google/code/gson/gson/2.8.0/gson-2.8.0.jar
2017-07-16 14:43:46,565 [Worker-25] INFO  o.e.m.c.i.e.AbstractTransferListenerAdapter - Downloading https://repo.maven.apache.org/maven2/org/testng/testng/6.11/testng-6.11.jar
2017-07-16 14:43:46,693 [Worker-25] INFO  o.e.m.c.i.e.AbstractTransferListenerAdapter - Downloaded https://repo.maven.apache.org/maven2/org/testng/testng/6.11/testng-6.11.jar
2017-07-16 14:43:46,708 [Worker-25] INFO  o.e.m.c.i.e.AbstractTransferListenerAdapter - Downloading https://repo.maven.apache.org/maven2/com/beust/jcommander/1.64/jcommander-1.64.jar
2017-07-16 14:43:46,729 [Worker-25] INFO  o.e.m.c.i.e.AbstractTransferListenerAdapter - Downloaded https://repo.maven.apache.org/maven2/com/beust/jcommander/1.64/jcommander-1.64.jar
2017-07-16 14:43:46,745 [Worker-25] INFO  o.e.m.c.i.e.AbstractTransferListenerAdapter - Downloading https://repo.maven.apache.org/maven2/org/yaml/snakeyaml/1.17/snakeyaml-1.17.jar
2017-07-16 14:43:46,798 [Worker-25] INFO  o.e.m.c.i.e.AbstractTransferListenerAdapter - Downloaded https://repo.maven.apache.org/maven2/org/yaml/snakeyaml/1.17/snakeyaml-1.17.jar
2017-07-16 14:43:47,698 [Worker-25] INFO  o.e.m.j.i.AbstractJavaProjectConfigurator - Adding source folder /eye-opener-java-maven/src/main/java
2017-07-16 14:43:47,699 [Worker-25] INFO  o.e.m.j.i.AbstractJavaProjectConfigurator - Adding resource folder /eye-opener-java-maven/src/main/resources
2017-07-16 14:43:47,704 [Worker-25] INFO  o.e.m.j.i.AbstractJavaProjectConfigurator - Adding source folder /eye-opener-java-maven/src/test/java
2017-07-16 14:43:47,831 [Worker-25] INFO  o.e.m.c.i.p.ProjectConfigurationManager - Update completed: 7 sec
2017-07-16 14:43:48,095 [Worker-28] WARN  o.e.m.c.i.embedder.EclipseLogger - Using platform encoding (UTF-8 actually) to copy filtered resources, i.e. build is platform dependent!
2017-07-16 14:43:48,103 [Worker-28] INFO  o.e.m.c.i.embedder.EclipseLogger - Copying 4 resources
2017-07-16 14:43:48,110 [Worker-28] WARN  o.e.m.c.i.embedder.EclipseLogger - Using platform encoding (UTF-8 actually) to copy filtered resources, i.e. build is platform dependent!
2017-07-16 14:43:48,110 [Worker-28] INFO  o.e.m.c.i.embedder.EclipseLogger - skip non existing resourceDirectory /Users/sangeetha/Documents/SankarGithub/eye-opener-java-maven/src/test/resources
2017-07-16 14:47:00,889 [Worker-25] INFO  o.e.m.c.i.p.ProjectConfigurationManager - Collecting project info '/pom.xml' /Users/sangeetha/Documents/Projects/maven/pom.xml
2017-07-16 14:47:00,942 [Worker-25] INFO  o.e.m.c.i.l.LifecycleMappingFactory - Using org.eclipse.m2e.jdt.JarLifecycleMapping lifecycle mapping for MavenProject: com.javalearn:maven:0.0.1-SNAPSHOT @ /Users/sangeetha/Documents/Projects/maven/pom.xml.
2017-07-16 14:47:00,979 [Worker-25] INFO  o.e.m.j.i.AbstractJavaProjectConfigurator - Adding source folder /maven/src/main/java
2017-07-16 14:47:00,981 [Worker-25] INFO  o.e.m.j.i.AbstractJavaProjectConfigurator - Adding source folder /maven/src/test/java
2017-07-16 14:47:01,003 [Worker-25] INFO  o.e.m.c.i.p.ProjectConfigurationManager - Imported and configured 1 project(s) in 0 sec
2017-07-16 14:47:01,183 [Worker-28] INFO  o.e.m.c.i.embedder.EclipseLogger - Using 'UTF-8' encoding to copy filtered resources.
2017-07-16 14:47:01,184 [Worker-28] INFO  o.e.m.c.i.embedder.EclipseLogger - skip non existing resourceDirectory /Users/sangeetha/Documents/Projects/maven/src/main/resources
2017-07-16 14:47:01,184 [Worker-28] INFO  o.e.m.c.i.embedder.EclipseLogger - Using 'UTF-8' encoding to copy filtered resources.
2017-07-16 14:47:01,184 [Worker-28] INFO  o.e.m.c.i.embedder.EclipseLogger - skip non existing resourceDirectory /Users/sangeetha/Documents/Projects/maven/src/test/resources
2017-07-16 14:48:26,954 [Worker-8] INFO  o.e.m.c.i.l.LifecycleMappingFactory - Using org.eclipse.m2e.jdt.JarLifecycleMapping lifecycle mapping for MavenProject: com.javalearn:maven:0.0.1-SNAPSHOT @ /Users/sangeetha/Documents/Projects/maven/pom.xml.
2017-07-16 14:48:27,079 [Worker-8] INFO  o.e.m.c.i.e.AbstractTransferListenerAdapter - Downloading https://repo.maven.apache.org/maven2/com/google/code/gson/gson/2.8.1/gson-2.8.1.pom
2017-07-16 14:48:27,093 [Worker-8] INFO  o.e.m.c.i.e.AbstractTransferListenerAdapter - Downloaded https://repo.maven.apache.org/maven2/com/google/code/gson/gson/2.8.1/gson-2.8.1.pom
2017-07-16 14:48:27,108 [Worker-8] INFO  o.e.m.c.i.e.AbstractTransferListenerAdapter - Downloading https://repo.maven.apache.org/maven2/com/google/code/gson/gson-parent/2.8.1/gson-parent-2.8.1.pom
2017-07-16 14:48:27,122 [Worker-8] INFO  o.e.m.c.i.e.AbstractTransferListenerAdapter - Downloaded https://repo.maven.apache.org/maven2/com/google/code/gson/gson-parent/2.8.1/gson-parent-2.8.1.pom
2017-07-16 14:48:27,141 [Worker-8] INFO  o.e.m.c.i.e.AbstractTransferListenerAdapter - Downloading https://repo.maven.apache.org/maven2/com/google/code/gson/gson/2.8.1/gson-2.8.1.jar
2017-07-16 14:48:27,212 [Worker-8] INFO  o.e.m.c.i.e.AbstractTransferListenerAdapter - Downloaded https://repo.maven.apache.org/maven2/com/google/code/gson/gson/2.8.1/gson-2.8.1.jar
2017-07-16 14:48:27,250 [Worker-8] INFO  o.e.m.c.i.embedder.EclipseLogger - Using 'UTF-8' encoding to copy filtered resources.
2017-07-16 14:48:27,250 [Worker-8] INFO  o.e.m.c.i.embedder.EclipseLogger - skip non existing resourceDirectory /Users/sangeetha/Documents/Projects/maven/src/main/resources
2017-07-16 14:48:27,251 [Worker-8] INFO  o.e.m.c.i.embedder.EclipseLogger - Using 'UTF-8' encoding to copy filtered resources.
2017-07-16 14:48:27,251 [Worker-8] INFO  o.e.m.c.i.embedder.EclipseLogger - skip non existing resourceDirectory /Users/sangeetha/Documents/Projects/maven/src/test/resources
2017-07-16 14:48:28,386 [Worker-8] INFO  o.e.m.c.i.embedder.EclipseLogger - Using 'UTF-8' encoding to copy filtered resources.
2017-07-16 14:48:28,386 [Worker-8] INFO  o.e.m.c.i.embedder.EclipseLogger - skip non existing resourceDirectory /Users/sangeetha/Documents/Projects/maven/src/main/resources
2017-07-16 14:48:28,387 [Worker-8] INFO  o.e.m.c.i.embedder.EclipseLogger - Using 'UTF-8' encoding to copy filtered resources.
2017-07-16 14:48:28,387 [Worker-8] INFO  o.e.m.c.i.embedder.EclipseLogger - skip non existing resourceDirectory /Users/sangeetha/Documents/Projects/maven/src/test/resources
2017-07-16 14:51:16,248 [main] INFO  o.e.m2e.actions.ExecutePomAction - Creating new launch configuration
2017-07-16 14:51:23,203 [Worker-27] INFO  o.e.m.i.launch.MavenLaunchDelegate - /Users/sangeetha/Documents/Projects/maven
2017-07-16 14:51:23,204 [Worker-27] INFO  o.e.m.i.launch.MavenLaunchDelegate -  mvn -B 
2017-07-16 14:51:23,314 [Worker-8] INFO  o.e.m.c.i.embedder.EclipseLogger - Using 'UTF-8' encoding to copy filtered resources.
2017-07-16 14:51:23,314 [Worker-8] INFO  o.e.m.c.i.embedder.EclipseLogger - skip non existing resourceDirectory /Users/sangeetha/Documents/Projects/maven/src/main/resources
2017-07-16 14:51:23,315 [Worker-8] INFO  o.e.m.c.i.embedder.EclipseLogger - Using 'UTF-8' encoding to copy filtered resources.
2017-07-16 14:51:23,315 [Worker-8] INFO  o.e.m.c.i.embedder.EclipseLogger - skip non existing resourceDirectory /Users/sangeetha/Documents/Projects/maven/src/test/resources
2017-07-16 14:51:42,839 [main] INFO  o.e.m2e.actions.ExecutePomAction - Using existing launch configuration
2017-07-16 14:54:56,964 [Worker-8] INFO  o.e.m.c.i.p.ProjectConfigurationManager - Update started
2017-07-16 14:54:57,000 [Worker-8] INFO  o.e.m.c.i.l.LifecycleMappingFactory - Using org.eclipse.m2e.jdt.JarLifecycleMapping lifecycle mapping for MavenProject: com.javalearn:maven:0.0.1-SNAPSHOT @ /Users/sangeetha/Documents/Projects/maven/pom.xml.
2017-07-16 14:54:57,051 [Worker-8] INFO  o.e.m.j.i.AbstractJavaProjectConfigurator - Adding source folder /maven/src/main/java
2017-07-16 14:54:57,052 [Worker-8] INFO  o.e.m.j.i.AbstractJavaProjectConfigurator - Adding source folder /maven/src/test/java
2017-07-16 14:54:57,094 [Worker-8] INFO  o.e.m.c.i.p.ProjectConfigurationManager - Update completed: 0 sec
2017-07-16 14:54:57,222 [Worker-32] INFO  o.e.m.c.i.embedder.EclipseLogger - Using 'UTF-8' encoding to copy filtered resources.
2017-07-16 14:54:57,222 [Worker-32] INFO  o.e.m.c.i.embedder.EclipseLogger - skip non existing resourceDirectory /Users/sangeetha/Documents/Projects/maven/src/main/resources
2017-07-16 14:54:57,223 [Worker-32] INFO  o.e.m.c.i.embedder.EclipseLogger - Using 'UTF-8' encoding to copy filtered resources.
2017-07-16 14:54:57,223 [Worker-32] INFO  o.e.m.c.i.embedder.EclipseLogger - skip non existing resourceDirectory /Users/sangeetha/Documents/Projects/maven/src/test/resources
2017-07-16 14:55:05,930 [Worker-31] INFO  o.e.m.c.i.embedder.EclipseLogger - Using 'UTF-8' encoding to copy filtered resources.
2017-07-16 14:55:05,930 [Worker-31] INFO  o.e.m.c.i.embedder.EclipseLogger - skip non existing resourceDirectory /Users/sangeetha/Documents/Projects/maven/src/main/resources
2017-07-16 14:55:05,931 [Worker-31] INFO  o.e.m.c.i.embedder.EclipseLogger - Using 'UTF-8' encoding to copy filtered resources.
2017-07-16 14:55:05,931 [Worker-31] INFO  o.e.m.c.i.embedder.EclipseLogger - skip non existing resourceDirectory /Users/sangeetha/Documents/Projects/maven/src/test/resources
2017-07-16 14:55:16,564 [Worker-31] INFO  o.e.m.c.i.p.ProjectConfigurationManager - Update started
2017-07-16 14:55:16,603 [Worker-31] INFO  o.e.m.c.i.l.LifecycleMappingFactory - Using org.eclipse.m2e.jdt.JarLifecycleMapping lifecycle mapping for MavenProject: com.javalearn:maven:0.0.1-SNAPSHOT @ /Users/sangeetha/Documents/Projects/maven/pom.xml.
2017-07-16 14:55:16,636 [Worker-31] INFO  o.e.m.j.i.AbstractJavaProjectConfigurator - Adding source folder /maven/src/main/java
2017-07-16 14:55:16,637 [Worker-31] INFO  o.e.m.j.i.AbstractJavaProjectConfigurator - Adding source folder /maven/src/test/java
2017-07-16 14:55:16,670 [Worker-31] INFO  o.e.m.c.i.p.ProjectConfigurationManager - Update completed: 0 sec
2017-07-16 14:55:16,802 [Worker-29] INFO  o.e.m.c.i.embedder.EclipseLogger - Using 'UTF-8' encoding to copy filtered resources.
2017-07-16 14:55:16,802 [Worker-29] INFO  o.e.m.c.i.embedder.EclipseLogger - skip non existing resourceDirectory /Users/sangeetha/Documents/Projects/maven/src/main/resources
2017-07-16 14:55:16,804 [Worker-29] INFO  o.e.m.c.i.embedder.EclipseLogger - Using 'UTF-8' encoding to copy filtered resources.
2017-07-16 14:55:16,804 [Worker-29] INFO  o.e.m.c.i.embedder.EclipseLogger - skip non existing resourceDirectory /Users/sangeetha/Documents/Projects/maven/src/test/resources
2017-07-16 14:55:36,271 [Worker-34] INFO  o.e.m.c.i.e.AbstractTransferListenerAdapter - Downloading https://repo.maven.apache.org/maven2/io/takari/m2e/workspace/org.eclipse.m2e.workspace.cli/0.3.1/org.eclipse.m2e.workspace.cli-0.3.1-sources.jar
2017-07-16 14:55:36,290 [Worker-34] INFO  o.e.m.c.i.e.AbstractTransferListenerAdapter - Downloaded https://repo.maven.apache.org/maven2/io/takari/m2e/workspace/org.eclipse.m2e.workspace.cli/0.3.1/org.eclipse.m2e.workspace.cli-0.3.1-sources.jar
2017-07-16 14:55:36,397 [Worker-34] INFO  o.e.m.c.i.e.AbstractTransferListenerAdapter - Downloading https://repo.maven.apache.org/maven2/org/codehaus/plexus/plexus-classworlds/2.5.2/plexus-classworlds-2.5.2-sources.jar
2017-07-16 14:55:36,440 [Worker-34] INFO  o.e.m.c.i.e.AbstractTransferListenerAdapter - Downloaded https://repo.maven.apache.org/maven2/org/codehaus/plexus/plexus-classworlds/2.5.2/plexus-classworlds-2.5.2-sources.jar
2017-07-16 14:55:36,574 [Worker-34] INFO  o.e.m.c.i.e.AbstractTransferListenerAdapter - Downloading https://repo.maven.apache.org/maven2/org/apache/maven/maven-core/3.3.9/maven-core-3.3.9-sources.jar
2017-07-16 14:55:36,709 [Worker-34] INFO  o.e.m.c.i.e.AbstractTransferListenerAdapter - Downloaded https://repo.maven.apache.org/maven2/org/apache/maven/maven-core/3.3.9/maven-core-3.3.9-sources.jar
2017-07-16 14:55:36,850 [Worker-34] INFO  o.e.m.c.i.e.AbstractTransferListenerAdapter - Downloading https://repo.maven.apache.org/maven2/org/apache/maven/maven-model/3.3.9/maven-model-3.3.9-sources.jar
2017-07-16 14:55:36,910 [Worker-34] INFO  o.e.m.c.i.e.AbstractTransferListenerAdapter - Downloaded https://repo.maven.apache.org/maven2/org/apache/maven/maven-model/3.3.9/maven-model-3.3.9-sources.jar
2017-07-16 14:55:37,035 [Worker-34] INFO  o.e.m.c.i.e.AbstractTransferListenerAdapter - Downloading https://repo.maven.apache.org/maven2/org/apache/maven/maven-settings/3.3.9/maven-settings-3.3.9-sources.jar
2017-07-16 14:55:37,071 [Worker-34] INFO  o.e.m.c.i.e.AbstractTransferListenerAdapter - Downloaded https://repo.maven.apache.org/maven2/org/apache/maven/maven-settings/3.3.9/maven-settings-3.3.9-sources.jar
2017-07-16 14:55:37,179 [Worker-34] INFO  o.e.m.c.i.e.AbstractTransferListenerAdapter - Downloading https://repo.maven.apache.org/maven2/org/apache/maven/maven-settings-builder/3.3.9/maven-settings-builder-3.3.9-sources.jar
2017-07-16 14:55:37,223 [Worker-34] INFO  o.e.m.c.i.e.AbstractTransferListenerAdapter - Downloaded https://repo.maven.apache.org/maven2/org/apache/maven/maven-settings-builder/3.3.9/maven-settings-builder-3.3.9-sources.jar
2017-07-16 14:55:37,302 [Worker-34] INFO  o.e.m.c.i.e.AbstractTransferListenerAdapter - Downloading https://repo.maven.apache.org/maven2/org/apache/maven/maven-builder-support/3.3.9/maven-builder-support-3.3.9-sources.jar
2017-07-16 14:55:37,340 [Worker-34] INFO  o.e.m.c.i.e.AbstractTransferListenerAdapter - Downloaded https://repo.maven.apache.org/maven2/org/apache/maven/maven-builder-support/3.3.9/maven-builder-support-3.3.9-sources.jar
2017-07-16 14:55:37,451 [Worker-34] INFO  o.e.m.c.i.e.AbstractTransferListenerAdapter - Downloading https://repo.maven.apache.org/maven2/org/apache/maven/maven-repository-metadata/3.3.9/maven-repository-metadata-3.3.9-sources.jar
2017-07-16 14:55:37,481 [Worker-34] INFO  o.e.m.c.i.e.AbstractTransferListenerAdapter - Downloaded https://repo.maven.apache.org/maven2/org/apache/maven/maven-repository-metadata/3.3.9/maven-repository-metadata-3.3.9-sources.jar
2017-07-16 14:55:37,586 [Worker-34] INFO  o.e.m.c.i.e.AbstractTransferListenerAdapter - Downloading https://repo.maven.apache.org/maven2/org/apache/maven/maven-artifact/3.3.9/maven-artifact-3.3.9-sources.jar
2017-07-16 14:55:37,627 [Worker-34] INFO  o.e.m.c.i.e.AbstractTransferListenerAdapter - Downloaded https://repo.maven.apache.org/maven2/org/apache/maven/maven-artifact/3.3.9/maven-artifact-3.3.9-sources.jar
2017-07-16 14:55:37,701 [Worker-34] INFO  o.e.m.c.i.e.AbstractTransferListenerAdapter - Downloading https://repo.maven.apache.org/maven2/org/apache/maven/maven-plugin-api/3.3.9/maven-plugin-api-3.3.9-sources.jar
2017-07-16 14:55:37,747 [Worker-34] INFO  o.e.m.c.i.e.AbstractTransferListenerAdapter - Downloaded https://repo.maven.apache.org/maven2/org/apache/maven/maven-plugin-api/3.3.9/maven-plugin-api-3.3.9-sources.jar
2017-07-16 14:55:37,833 [Worker-34] INFO  o.e.m.c.i.e.AbstractTransferListenerAdapter - Downloading https://repo.maven.apache.org/maven2/org/apache/maven/maven-model-builder/3.3.9/maven-model-builder-3.3.9-sources.jar
2017-07-16 14:55:37,894 [Worker-34] INFO  o.e.m.c.i.e.AbstractTransferListenerAdapter - Downloaded https://repo.maven.apache.org/maven2/org/apache/maven/maven-model-builder/3.3.9/maven-model-builder-3.3.9-sources.jar
2017-07-16 14:55:37,993 [Worker-34] INFO  o.e.m.c.i.e.AbstractTransferListenerAdapter - Downloading https://repo.maven.apache.org/maven2/org/apache/maven/maven-aether-provider/3.3.9/maven-aether-provider-3.3.9-sources.jar
2017-07-16 14:55:38,035 [Worker-34] INFO  o.e.m.c.i.e.AbstractTransferListenerAdapter - Downloaded https://repo.maven.apache.org/maven2/org/apache/maven/maven-aether-provider/3.3.9/maven-aether-provider-3.3.9-sources.jar
2017-07-16 14:55:38,161 [Worker-34] INFO  o.e.m.c.i.e.AbstractTransferListenerAdapter - Downloading https://repo.maven.apache.org/maven2/org/eclipse/aether/aether-api/1.0.2.v20150114/aether-api-1.0.2.v20150114-sources.jar
2017-07-16 14:55:38,226 [Worker-34] INFO  o.e.m.c.i.e.AbstractTransferListenerAdapter - Downloaded https://repo.maven.apache.org/maven2/org/eclipse/aether/aether-api/1.0.2.v20150114/aether-api-1.0.2.v20150114-sources.jar
2017-07-16 14:55:38,350 [Worker-34] INFO  o.e.m.c.i.e.AbstractTransferListenerAdapter - Downloading https://repo.maven.apache.org/maven2/org/eclipse/aether/aether-util/1.0.2.v20150114/aether-util-1.0.2.v20150114-sources.jar
2017-07-16 14:55:38,409 [Worker-34] INFO  o.e.m.c.i.e.AbstractTransferListenerAdapter - Downloaded https://repo.maven.apache.org/maven2/org/eclipse/aether/aether-util/1.0.2.v20150114/aether-util-1.0.2.v20150114-sources.jar
2017-07-16 14:55:38,542 [Worker-34] INFO  o.e.m.c.i.e.AbstractTransferListenerAdapter - Downloading https://repo.maven.apache.org/maven2/org/codehaus/plexus/plexus-interpolation/1.21/plexus-interpolation-1.21-sources.jar
2017-07-16 14:55:38,588 [Worker-34] INFO  o.e.m.c.i.e.AbstractTransferListenerAdapter - Downloaded https://repo.maven.apache.org/maven2/org/codehaus/plexus/plexus-interpolation/1.21/plexus-interpolation-1.21-sources.jar
2017-07-16 14:55:38,698 [Worker-34] INFO  o.e.m.c.i.e.AbstractTransferListenerAdapter - Downloading https://repo.maven.apache.org/maven2/org/codehaus/plexus/plexus-utils/3.0.22/plexus-utils-3.0.22-sources.jar
2017-07-16 14:55:38,782 [Worker-34] INFO  o.e.m.c.i.e.AbstractTransferListenerAdapter - Downloaded https://repo.maven.apache.org/maven2/org/codehaus/plexus/plexus-utils/3.0.22/plexus-utils-3.0.22-sources.jar
2017-07-16 14:55:38,867 [Worker-34] INFO  o.e.m.c.i.e.AbstractTransferListenerAdapter - Downloading https://repo.maven.apache.org/maven2/org/codehaus/plexus/plexus-component-annotations/1.6/plexus-component-annotations-1.6-sources.jar
2017-07-16 14:55:38,885 [Worker-34] INFO  o.e.m.c.i.e.AbstractTransferListenerAdapter - Downloaded https://repo.maven.apache.org/maven2/org/codehaus/plexus/plexus-component-annotations/1.6/plexus-component-annotations-1.6-sources.jar
2017-07-16 14:55:38,992 [Worker-34] INFO  o.e.m.c.i.e.AbstractTransferListenerAdapter - Downloading https://repo.maven.apache.org/maven2/org/sonatype/plexus/plexus-sec-dispatcher/1.3/plexus-sec-dispatcher-1.3-sources.jar
2017-07-16 14:55:39,025 [Worker-34] INFO  o.e.m.c.i.e.AbstractTransferListenerAdapter - Downloaded https://repo.maven.apache.org/maven2/org/sonatype/plexus/plexus-sec-dispatcher/1.3/plexus-sec-dispatcher-1.3-sources.jar
2017-07-16 14:55:39,142 [Worker-34] INFO  o.e.m.c.i.e.AbstractTransferListenerAdapter - Downloading https://repo.maven.apache.org/maven2/org/apache/commons/commons-lang3/3.4/commons-lang3-3.4-sources.jar
2017-07-16 14:55:39,261 [Worker-34] INFO  o.e.m.c.i.e.AbstractTransferListenerAdapter - Downloaded https://repo.maven.apache.org/maven2/org/apache/commons/commons-lang3/3.4/commons-lang3-3.4-sources.jar
2017-07-16 14:55:39,381 [Worker-34] INFO  o.e.m.c.i.e.AbstractTransferListenerAdapter - Downloading https://repo.maven.apache.org/maven2/org/apache/maven/maven-embedder/3.3.9/maven-embedder-3.3.9-sources.jar
2017-07-16 14:55:39,430 [Worker-34] INFO  o.e.m.c.i.e.AbstractTransferListenerAdapter - Downloaded https://repo.maven.apache.org/maven2/org/apache/maven/maven-embedder/3.3.9/maven-embedder-3.3.9-sources.jar
2017-07-16 14:55:39,538 [Worker-34] INFO  o.e.m.c.i.e.AbstractTransferListenerAdapter - Downloading https://repo.maven.apache.org/maven2/org/sonatype/plexus/plexus-cipher/1.7/plexus-cipher-1.7-sources.jar
2017-07-16 14:55:39,557 [Worker-34] INFO  o.e.m.c.i.e.AbstractTransferListenerAdapter - Downloaded https://repo.maven.apache.org/maven2/org/sonatype/plexus/plexus-cipher/1.7/plexus-cipher-1.7-sources.jar
2017-07-16 14:55:39,645 [Worker-34] INFO  o.e.m.c.i.e.AbstractTransferListenerAdapter - Downloading https://repo.maven.apache.org/maven2/commons-cli/commons-cli/1.2/commons-cli-1.2-sources.jar
2017-07-16 14:55:39,686 [Worker-34] INFO  o.e.m.c.i.e.AbstractTransferListenerAdapter - Downloaded https://repo.maven.apache.org/maven2/commons-cli/commons-cli/1.2/commons-cli-1.2-sources.jar
2017-07-16 14:55:39,781 [Worker-34] INFO  o.e.m.c.i.e.AbstractTransferListenerAdapter - Downloading https://repo.maven.apache.org/maven2/org/apache/maven/maven-compat/3.3.9/maven-compat-3.3.9-sources.jar
2017-07-16 14:55:39,867 [Worker-34] INFO  o.e.m.c.i.e.AbstractTransferListenerAdapter - Downloaded https://repo.maven.apache.org/maven2/org/apache/maven/maven-compat/3.3.9/maven-compat-3.3.9-sources.jar
2017-07-16 14:55:39,934 [Worker-34] INFO  o.e.m.c.i.e.AbstractTransferListenerAdapter - Downloading https://repo.maven.apache.org/maven2/org/apache/maven/wagon/wagon-provider-api/2.10/wagon-provider-api-2.10-sources.jar
2017-07-16 14:55:39,978 [Worker-34] INFO  o.e.m.c.i.e.AbstractTransferListenerAdapter - Downloaded https://repo.maven.apache.org/maven2/org/apache/maven/wagon/wagon-provider-api/2.10/wagon-provider-api-2.10-sources.jar
2017-07-16 14:55:40,088 [Worker-34] INFO  o.e.m.c.i.e.AbstractTransferListenerAdapter - Downloading https://repo.maven.apache.org/maven2/javax/enterprise/cdi-api/1.0/cdi-api-1.0-sources.jar
2017-07-16 14:55:40,142 [Worker-34] INFO  o.e.m.c.i.e.AbstractTransferListenerAdapter - Downloaded https://repo.maven.apache.org/maven2/javax/enterprise/cdi-api/1.0/cdi-api-1.0-sources.jar
2017-07-16 14:55:40,247 [Worker-34] INFO  o.e.m.c.i.e.AbstractTransferListenerAdapter - Downloading https://repo.maven.apache.org/maven2/com/google/guava/guava/18.0/guava-18.0-sources.jar
2017-07-16 14:55:40,485 [Worker-34] INFO  o.e.m.c.i.e.AbstractTransferListenerAdapter - Downloaded https://repo.maven.apache.org/maven2/com/google/guava/guava/18.0/guava-18.0-sources.jar
2017-07-16 14:55:40,573 [Worker-34] INFO  o.e.m.c.i.e.AbstractTransferListenerAdapter - Downloading https://repo.maven.apache.org/maven2/org/eclipse/aether/aether-impl/1.0.2.v20150114/aether-impl-1.0.2.v20150114-sources.jar
2017-07-16 14:55:40,627 [Worker-34] INFO  o.e.m.c.i.e.AbstractTransferListenerAdapter - Downloaded https://repo.maven.apache.org/maven2/org/eclipse/aether/aether-impl/1.0.2.v20150114/aether-impl-1.0.2.v20150114-sources.jar
2017-07-16 14:55:40,726 [Worker-34] INFO  o.e.m.c.i.e.AbstractTransferListenerAdapter - Downloading https://repo.maven.apache.org/maven2/org/eclipse/aether/aether-spi/1.0.2.v20150114/aether-spi-1.0.2.v20150114-sources.jar
2017-07-16 14:55:40,768 [Worker-34] INFO  o.e.m.c.i.e.AbstractTransferListenerAdapter - Downloaded https://repo.maven.apache.org/maven2/org/eclipse/aether/aether-spi/1.0.2.v20150114/aether-spi-1.0.2.v20150114-sources.jar
2017-07-16 14:55:40,874 [Worker-34] INFO  o.e.m.c.i.e.AbstractTransferListenerAdapter - Downloading https://repo.maven.apache.org/maven2/io/takari/aether/aether-connector-okhttp/0.17.1/aether-connector-okhttp-0.17.1-sources.jar
2017-07-16 14:55:40,905 [Worker-34] INFO  o.e.m.c.i.e.AbstractTransferListenerAdapter - Downloaded https://repo.maven.apache.org/maven2/io/takari/aether/aether-connector-okhttp/0.17.1/aether-connector-okhttp-0.17.1-sources.jar
2017-07-16 14:55:41,016 [Worker-34] INFO  o.e.m.c.i.e.AbstractTransferListenerAdapter - Downloading https://repo.maven.apache.org/maven2/com/squareup/okhttp3/okhttp/3.7.0/okhttp-3.7.0-sources.jar
2017-07-16 14:55:41,111 [Worker-34] INFO  o.e.m.c.i.e.AbstractTransferListenerAdapter - Downloaded https://repo.maven.apache.org/maven2/com/squareup/okhttp3/okhttp/3.7.0/okhttp-3.7.0-sources.jar
2017-07-16 14:55:41,210 [Worker-34] INFO  o.e.m.c.i.e.AbstractTransferListenerAdapter - Downloading https://repo.maven.apache.org/maven2/com/squareup/okio/okio/1.12.0/okio-1.12.0-sources.jar
2017-07-16 14:55:41,256 [Worker-34] INFO  o.e.m.c.i.e.AbstractTransferListenerAdapter - Downloaded https://repo.maven.apache.org/maven2/com/squareup/okio/okio/1.12.0/okio-1.12.0-sources.jar
2017-07-16 14:55:41,358 [Worker-34] INFO  o.e.m.c.i.e.AbstractTransferListenerAdapter - Downloading https://repo.maven.apache.org/maven2/org/eclipse/aether/aether-connector-basic/1.0.2.v20150114/aether-connector-basic-1.0.2.v20150114-sources.jar
2017-07-16 14:55:41,388 [Worker-34] INFO  o.e.m.c.i.e.AbstractTransferListenerAdapter - Downloaded https://repo.maven.apache.org/maven2/org/eclipse/aether/aether-connector-basic/1.0.2.v20150114/aether-connector-basic-1.0.2.v20150114-sources.jar
2017-07-16 14:55:41,508 [Worker-34] INFO  o.e.m.c.i.e.AbstractTransferListenerAdapter - Downloading https://repo.maven.apache.org/maven2/org/eclipse/aether/aether-transport-wagon/1.0.2.v20150114/aether-transport-wagon-1.0.2.v20150114-sources.jar
2017-07-16 14:55:41,537 [Worker-34] INFO  o.e.m.c.i.e.AbstractTransferListenerAdapter - Downloaded https://repo.maven.apache.org/maven2/org/eclipse/aether/aether-transport-wagon/1.0.2.v20150114/aether-transport-wagon-1.0.2.v20150114-sources.jar
2017-07-16 14:55:41,652 [Worker-34] INFO  o.e.m.c.i.e.AbstractTransferListenerAdapter - Downloading https://repo.maven.apache.org/maven2/org/apache/maven/wagon/wagon-file/2.10/wagon-file-2.10-sources.jar
2017-07-16 14:55:41,671 [Worker-34] INFO  o.e.m.c.i.e.AbstractTransferListenerAdapter - Downloaded https://repo.maven.apache.org/maven2/org/apache/maven/wagon/wagon-file/2.10/wagon-file-2.10-sources.jar
2017-07-16 14:55:41,802 [Worker-34] INFO  o.e.m.c.i.e.AbstractTransferListenerAdapter - Downloading https://repo.maven.apache.org/maven2/commons-lang/commons-lang/2.6/commons-lang-2.6-sources.jar
2017-07-16 14:55:41,904 [Worker-34] INFO  o.e.m.c.i.e.AbstractTransferListenerAdapter - Downloaded https://repo.maven.apache.org/maven2/commons-lang/commons-lang/2.6/commons-lang-2.6-sources.jar
2017-07-16 14:55:42,018 [Worker-34] INFO  o.e.m.c.i.e.AbstractTransferListenerAdapter - Downloading https://repo.maven.apache.org/maven2/org/slf4j/slf4j-simple/1.7.5/slf4j-simple-1.7.5-sources.jar
2017-07-16 14:55:42,045 [Worker-34] INFO  o.e.m.c.i.e.AbstractTransferListenerAdapter - Downloaded https://repo.maven.apache.org/maven2/org/slf4j/slf4j-simple/1.7.5/slf4j-simple-1.7.5-sources.jar
2017-07-16 14:58:59,045 [main] INFO  o.e.m2e.actions.ExecutePomAction - Using existing launch configuration
2017-07-16 14:59:13,230 [Worker-27] INFO  o.e.m.i.launch.MavenLaunchDelegate - /Users/sangeetha/Documents/Projects/maven
2017-07-16 14:59:13,230 [Worker-27] INFO  o.e.m.i.launch.MavenLaunchDelegate -  mvn -B clean deploy
2017-07-16 15:00:37,654 [Worker-27] INFO  o.e.m.c.i.l.LifecycleMappingFactory - Using org.eclipse.m2e.jdt.JarLifecycleMapping lifecycle mapping for MavenProject: com.javalearn:maven:0.0.1-SNAPSHOT @ /Users/sangeetha/Documents/Projects/maven/pom.xml.
2017-07-16 15:00:37,689 [Worker-27] INFO  o.e.m.c.i.embedder.EclipseLogger - Using 'UTF-8' encoding to copy filtered resources.
2017-07-16 15:00:37,689 [Worker-27] INFO  o.e.m.c.i.embedder.EclipseLogger - skip non existing resourceDirectory /Users/sangeetha/Documents/Projects/maven/src/main/resources
2017-07-16 15:00:37,690 [Worker-27] INFO  o.e.m.c.i.embedder.EclipseLogger - Using 'UTF-8' encoding to copy filtered resources.
2017-07-16 15:00:37,690 [Worker-27] INFO  o.e.m.c.i.embedder.EclipseLogger - skip non existing resourceDirectory /Users/sangeetha/Documents/Projects/maven/src/test/resources
2017-07-16 15:02:55,188 [Worker-36] INFO  o.e.m.c.i.l.LifecycleMappingFactory - Using org.eclipse.m2e.jdt.JarLifecycleMapping lifecycle mapping for MavenProject: com.javalearn:maven:0.0.1-SNAPSHOT @ /Users/sangeetha/Documents/Projects/maven/pom.xml.
2017-07-16 15:02:55,229 [Worker-36] INFO  o.e.m.c.i.embedder.EclipseLogger - Using 'UTF-8' encoding to copy filtered resources.
2017-07-16 15:02:55,229 [Worker-36] INFO  o.e.m.c.i.embedder.EclipseLogger - skip non existing resourceDirectory /Users/sangeetha/Documents/Projects/maven/src/main/resources
2017-07-16 15:02:55,229 [Worker-36] INFO  o.e.m.c.i.embedder.EclipseLogger - Using 'UTF-8' encoding to copy filtered resources.
2017-07-16 15:02:55,229 [Worker-36] INFO  o.e.m.c.i.embedder.EclipseLogger - skip non existing resourceDirectory /Users/sangeetha/Documents/Projects/maven/src/test/resources
2017-07-16 15:03:35,194 [Worker-27] INFO  o.e.m.c.i.l.LifecycleMappingFactory - Using org.eclipse.m2e.jdt.JarLifecycleMapping lifecycle mapping for MavenProject: com.javalearn:maven:0.0.1-SNAPSHOT @ /Users/sangeetha/Documents/Projects/maven/pom.xml.
2017-07-16 15:03:35,217 [Worker-27] INFO  o.e.m.c.i.embedder.EclipseLogger - Using 'UTF-8' encoding to copy filtered resources.
2017-07-16 15:03:35,218 [Worker-27] INFO  o.e.m.c.i.embedder.EclipseLogger - skip non existing resourceDirectory /Users/sangeetha/Documents/Projects/maven/src/main/resources
2017-07-16 15:03:35,218 [Worker-27] INFO  o.e.m.c.i.embedder.EclipseLogger - Using 'UTF-8' encoding to copy filtered resources.
2017-07-16 15:03:35,218 [Worker-27] INFO  o.e.m.c.i.embedder.EclipseLogger - skip non existing resourceDirectory /Users/sangeetha/Documents/Projects/maven/src/test/resources
2017-07-16 15:03:57,161 [main] INFO  o.e.m2e.actions.ExecutePomAction - Using existing launch configuration
2017-07-16 15:03:57,225 [Worker-34] INFO  o.e.m.i.launch.MavenLaunchDelegate - /Users/sangeetha/Documents/Projects/maven
2017-07-16 15:03:57,225 [Worker-34] INFO  o.e.m.i.launch.MavenLaunchDelegate -  mvn -B clean deploy
2017-07-16 15:07:29,673 [Worker-35] INFO  o.e.m.c.i.l.LifecycleMappingFactory - Using org.eclipse.m2e.jdt.JarLifecycleMapping lifecycle mapping for MavenProject: com.eye.opener:eye-opener-java-maven:1.0-SNAPSHOT @ /Users/sangeetha/Documents/SankarGithub/eye-opener-java-maven/pom.xml.
2017-07-16 15:07:29,801 [Worker-35] WARN  o.e.m.c.i.embedder.EclipseLogger - Using platform encoding (UTF-8 actually) to copy filtered resources, i.e. build is platform dependent!
2017-07-16 15:07:29,810 [Worker-35] INFO  o.e.m.c.i.embedder.EclipseLogger - Copying 0 resource
2017-07-16 15:07:29,811 [Worker-35] WARN  o.e.m.c.i.embedder.EclipseLogger - Using platform encoding (UTF-8 actually) to copy filtered resources, i.e. build is platform dependent!
2017-07-16 15:07:29,812 [Worker-35] INFO  o.e.m.c.i.embedder.EclipseLogger - skip non existing resourceDirectory /Users/sangeetha/Documents/SankarGithub/eye-opener-java-maven/src/test/resources
2017-07-16 15:07:59,435 [main] INFO  o.e.m2e.actions.ExecutePomAction - Creating new launch configuration
2017-07-16 15:08:13,242 [main] INFO  o.e.m2e.actions.ExecutePomAction - Using existing launch configuration
2017-07-16 15:08:13,299 [Worker-27] INFO  o.e.m.i.launch.MavenLaunchDelegate - /Users/sangeetha/Documents/Projects/maven
2017-07-16 15:08:13,299 [Worker-27] INFO  o.e.m.i.launch.MavenLaunchDelegate -  mvn -B clean deploy
2017-07-16 15:08:26,980 [Worker-34] INFO  o.e.m.i.launch.MavenLaunchDelegate - /Users/sangeetha/Documents/Projects/maven
2017-07-16 15:08:26,980 [Worker-34] INFO  o.e.m.i.launch.MavenLaunchDelegate -  mvn -B clean
2017-07-16 15:08:28,237 [Worker-35] INFO  o.e.m.c.i.embedder.EclipseLogger - Using 'UTF-8' encoding to copy filtered resources.
2017-07-16 15:08:28,237 [Worker-35] INFO  o.e.m.c.i.embedder.EclipseLogger - skip non existing resourceDirectory /Users/sangeetha/Documents/Projects/maven/src/main/resources
2017-07-16 15:08:28,238 [Worker-35] INFO  o.e.m.c.i.embedder.EclipseLogger - Using 'UTF-8' encoding to copy filtered resources.
2017-07-16 15:08:28,238 [Worker-35] INFO  o.e.m.c.i.embedder.EclipseLogger - skip non existing resourceDirectory /Users/sangeetha/Documents/Projects/maven/src/test/resources
2017-07-16 15:09:02,187 [main] INFO  o.e.m2e.actions.ExecutePomAction - Creating new launch configuration
2017-07-16 15:09:49,013 [Worker-34] INFO  o.e.m.i.launch.MavenLaunchDelegate - /Users/sangeetha/Documents/Projects/maven
2017-07-16 15:09:49,013 [Worker-34] INFO  o.e.m.i.launch.MavenLaunchDelegate -  mvn -B deploy
2017-07-16 15:10:16,173 [main] INFO  o.e.m2e.actions.ExecutePomAction - Creating new launch configuration
2017-07-16 15:10:28,229 [Worker-27] INFO  o.e.m.i.launch.MavenLaunchDelegate - /Users/sangeetha/Documents/Projects/maven
2017-07-16 15:10:28,229 [Worker-27] INFO  o.e.m.i.launch.MavenLaunchDelegate -  mvn -B compile
2017-07-16 15:12:56,694 [main] INFO  o.e.m2e.actions.ExecutePomAction - Creating new launch configuration
2017-07-16 15:13:19,613 [Worker-35] INFO  o.e.m.i.launch.MavenLaunchDelegate - /Users/sangeetha/Documents/Projects/maven
2017-07-16 15:13:19,614 [Worker-35] INFO  o.e.m.i.launch.MavenLaunchDelegate -  mvn -B deploy
2017-07-18 20:02:14,440 [Worker-250] WARN  o.e.m.c.i.embedder.EclipseLogger - Using platform encoding (UTF-8 actually) to copy filtered resources, i.e. build is platform dependent!
2017-07-18 20:02:14,443 [Worker-250] INFO  o.e.m.c.i.embedder.EclipseLogger - Copying 4 resources
2017-07-18 20:02:14,467 [Worker-250] WARN  o.e.m.c.i.embedder.EclipseLogger - Using platform encoding (UTF-8 actually) to copy filtered resources, i.e. build is platform dependent!
2017-07-18 20:02:14,468 [Worker-250] INFO  o.e.m.c.i.embedder.EclipseLogger - skip non existing resourceDirectory /Users/sangeetha/Documents/SankarGithub/eye-opener-java-maven/src/test/resources
2017-07-18 20:02:14,516 [Worker-250] INFO  o.e.m.c.i.embedder.EclipseLogger - Using 'UTF-8' encoding to copy filtered resources.
2017-07-18 20:02:14,516 [Worker-250] INFO  o.e.m.c.i.embedder.EclipseLogger - skip non existing resourceDirectory /Users/sangeetha/Documents/Projects/maven/src/main/resources
2017-07-18 20:02:14,517 [Worker-250] INFO  o.e.m.c.i.embedder.EclipseLogger - Using 'UTF-8' encoding to copy filtered resources.
2017-07-18 20:02:14,518 [Worker-250] INFO  o.e.m.c.i.embedder.EclipseLogger - skip non existing resourceDirectory /Users/sangeetha/Documents/Projects/maven/src/test/resources
2017-07-19 00:34:14,482 [Worker-264] WARN  o.e.m.c.i.embedder.EclipseLogger - Using platform encoding (UTF-8 actually) to copy filtered resources, i.e. build is platform dependent!
2017-07-19 00:34:14,498 [Worker-264] INFO  o.e.m.c.i.embedder.EclipseLogger - Copying 4 resources
2017-07-19 00:34:14,565 [Worker-264] WARN  o.e.m.c.i.embedder.EclipseLogger - Using platform encoding (UTF-8 actually) to copy filtered resources, i.e. build is platform dependent!
2017-07-19 00:34:14,573 [Worker-264] INFO  o.e.m.c.i.embedder.EclipseLogger - skip non existing resourceDirectory /Users/sangeetha/Documents/SankarGithub/eye-opener-java-maven/src/test/resources
2017-07-19 00:34:14,593 [Worker-264] INFO  o.e.m.c.i.embedder.EclipseLogger - Using 'UTF-8' encoding to copy filtered resources.
2017-07-19 00:34:14,593 [Worker-264] INFO  o.e.m.c.i.embedder.EclipseLogger - skip non existing resourceDirectory /Users/sangeetha/Documents/Projects/maven/src/main/resources
2017-07-19 00:34:14,594 [Worker-264] INFO  o.e.m.c.i.embedder.EclipseLogger - Using 'UTF-8' encoding to copy filtered resources.
2017-07-19 00:34:14,594 [Worker-264] INFO  o.e.m.c.i.embedder.EclipseLogger - skip non existing resourceDirectory /Users/sangeetha/Documents/Projects/maven/src/test/resources
2017-07-19 01:25:09,183 [Worker-300] WARN  o.e.m.c.i.embedder.EclipseLogger - Using platform encoding (UTF-8 actually) to copy filtered resources, i.e. build is platform dependent!
2017-07-19 01:25:09,186 [Worker-300] INFO  o.e.m.c.i.embedder.EclipseLogger - Copying 4 resources
2017-07-19 01:25:09,188 [Worker-300] WARN  o.e.m.c.i.embedder.EclipseLogger - Using platform encoding (UTF-8 actually) to copy filtered resources, i.e. build is platform dependent!
2017-07-19 01:25:09,188 [Worker-300] INFO  o.e.m.c.i.embedder.EclipseLogger - skip non existing resourceDirectory /Users/sangeetha/Documents/SankarGithub/eye-opener-java-maven/src/test/resources
2017-07-19 01:25:09,209 [Worker-300] INFO  o.e.m.c.i.embedder.EclipseLogger - Using 'UTF-8' encoding to copy filtered resources.
2017-07-19 01:25:09,209 [Worker-300] INFO  o.e.m.c.i.embedder.EclipseLogger - skip non existing resourceDirectory /Users/sangeetha/Documents/Projects/maven/src/main/resources
2017-07-19 01:25:09,210 [Worker-300] INFO  o.e.m.c.i.embedder.EclipseLogger - Using 'UTF-8' encoding to copy filtered resources.
2017-07-19 01:25:09,210 [Worker-300] INFO  o.e.m.c.i.embedder.EclipseLogger - skip non existing resourceDirectory /Users/sangeetha/Documents/Projects/maven/src/test/resources
2017-07-19 13:25:03,801 [Worker-324] WARN  o.e.m.c.i.embedder.EclipseLogger - Using platform encoding (UTF-8 actually) to copy filtered resources, i.e. build is platform dependent!
2017-07-19 13:25:03,802 [Worker-324] INFO  o.e.m.c.i.embedder.EclipseLogger - Copying 4 resources
2017-07-19 13:25:03,805 [Worker-324] WARN  o.e.m.c.i.embedder.EclipseLogger - Using platform encoding (UTF-8 actually) to copy filtered resources, i.e. build is platform dependent!
2017-07-19 13:25:03,806 [Worker-324] INFO  o.e.m.c.i.embedder.EclipseLogger - skip non existing resourceDirectory /Users/sangeetha/Documents/SankarGithub/eye-opener-java-maven/src/test/resources
2017-07-19 13:25:03,844 [Worker-324] INFO  o.e.m.c.i.embedder.EclipseLogger - Using 'UTF-8' encoding to copy filtered resources.
2017-07-19 13:25:03,844 [Worker-324] INFO  o.e.m.c.i.embedder.EclipseLogger - skip non existing resourceDirectory /Users/sangeetha/Documents/Projects/maven/src/main/resources
2017-07-19 13:25:03,845 [Worker-324] INFO  o.e.m.c.i.embedder.EclipseLogger - Using 'UTF-8' encoding to copy filtered resources.
2017-07-19 13:25:03,846 [Worker-324] INFO  o.e.m.c.i.embedder.EclipseLogger - skip non existing resourceDirectory /Users/sangeetha/Documents/Projects/maven/src/test/resources
